[debug] [2024-02-18T08:24:54.652Z] ----------------------------------------------------------------------
[debug] [2024-02-18T08:24:54.658Z] Command:       C:\Program Files\nodejs\node.exe C:\Users\Microsoft\AppData\Roaming\npm\node_modules\firebase-tools\lib\bin\firebase.js deploy
[debug] [2024-02-18T08:24:54.659Z] CLI Version:   13.3.0
[debug] [2024-02-18T08:24:54.660Z] Platform:      win32
[debug] [2024-02-18T08:24:54.661Z] Node Version:  v20.9.0
[debug] [2024-02-18T08:24:54.661Z] Time:          Sun Feb 18 2024 12:24:54 GMT+0400 (Gulf Standard Time)
[debug] [2024-02-18T08:24:54.661Z] ----------------------------------------------------------------------
[debug] 
[debug] [2024-02-18T08:24:54.808Z] > command requires scopes: ["email","openid","https://www.googleapis.com/auth/cloudplatformprojects.readonly","https://www.googleapis.com/auth/firebase","https://www.googleapis.com/auth/cloud-platform"]
[debug] [2024-02-18T08:24:54.809Z] > authorizing via signed-in user (craig.cocker@gmail.com)
[debug] [2024-02-18T08:24:54.809Z] [iam] checking project rmit-scheduler for permissions ["cloudfunctions.functions.create","cloudfunctions.functions.delete","cloudfunctions.functions.get","cloudfunctions.functions.list","cloudfunctions.functions.update","cloudfunctions.operations.get","datastore.indexes.create","datastore.indexes.delete","datastore.indexes.list","datastore.indexes.update","firebase.projects.get","firebasehosting.sites.update"]
[debug] [2024-02-18T08:24:54.814Z] > refreshing access token with scopes: []
[debug] [2024-02-18T08:24:54.817Z] >>> [apiv2][query] POST https://www.googleapis.com/oauth2/v3/token [none]
[debug] [2024-02-18T08:24:54.818Z] >>> [apiv2][body] POST https://www.googleapis.com/oauth2/v3/token [omitted]
[debug] [2024-02-18T08:24:55.251Z] <<< [apiv2][status] POST https://www.googleapis.com/oauth2/v3/token 200
[debug] [2024-02-18T08:24:55.252Z] <<< [apiv2][body] POST https://www.googleapis.com/oauth2/v3/token [omitted]
[debug] [2024-02-18T08:24:55.272Z] >>> [apiv2][query] POST https://cloudresourcemanager.googleapis.com/v1/projects/rmit-scheduler:testIamPermissions [none]
[debug] [2024-02-18T08:24:55.273Z] >>> [apiv2][(partial)header] POST https://cloudresourcemanager.googleapis.com/v1/projects/rmit-scheduler:testIamPermissions x-goog-quota-user=projects/rmit-scheduler
[debug] [2024-02-18T08:24:55.273Z] >>> [apiv2][body] POST https://cloudresourcemanager.googleapis.com/v1/projects/rmit-scheduler:testIamPermissions {"permissions":["cloudfunctions.functions.create","cloudfunctions.functions.delete","cloudfunctions.functions.get","cloudfunctions.functions.list","cloudfunctions.functions.update","cloudfunctions.operations.get","datastore.indexes.create","datastore.indexes.delete","datastore.indexes.list","datastore.indexes.update","firebase.projects.get","firebasehosting.sites.update"]}
[debug] [2024-02-18T08:24:56.808Z] <<< [apiv2][status] POST https://cloudresourcemanager.googleapis.com/v1/projects/rmit-scheduler:testIamPermissions 200
[debug] [2024-02-18T08:24:56.808Z] <<< [apiv2][body] POST https://cloudresourcemanager.googleapis.com/v1/projects/rmit-scheduler:testIamPermissions {"permissions":["cloudfunctions.functions.create","cloudfunctions.functions.delete","cloudfunctions.functions.get","cloudfunctions.functions.list","cloudfunctions.functions.update","cloudfunctions.operations.get","datastore.indexes.create","datastore.indexes.delete","datastore.indexes.list","datastore.indexes.update","firebase.projects.get","firebasehosting.sites.update"]}
[debug] [2024-02-18T08:24:56.809Z] >>> [apiv2][query] POST https://iam.googleapis.com/v1/projects/rmit-scheduler/serviceAccounts/rmit-scheduler@appspot.gserviceaccount.com:testIamPermissions [none]
[debug] [2024-02-18T08:24:56.810Z] >>> [apiv2][body] POST https://iam.googleapis.com/v1/projects/rmit-scheduler/serviceAccounts/rmit-scheduler@appspot.gserviceaccount.com:testIamPermissions {"permissions":["iam.serviceAccounts.actAs"]}
[debug] [2024-02-18T08:24:58.376Z] <<< [apiv2][status] POST https://iam.googleapis.com/v1/projects/rmit-scheduler/serviceAccounts/rmit-scheduler@appspot.gserviceaccount.com:testIamPermissions 200
[debug] [2024-02-18T08:24:58.376Z] <<< [apiv2][body] POST https://iam.googleapis.com/v1/projects/rmit-scheduler/serviceAccounts/rmit-scheduler@appspot.gserviceaccount.com:testIamPermissions {"permissions":["iam.serviceAccounts.actAs"]}
[debug] [2024-02-18T08:24:58.378Z] >>> [apiv2][query] GET https://firebase.googleapis.com/v1beta1/projects/rmit-scheduler [none]
[debug] [2024-02-18T08:24:58.975Z] <<< [apiv2][status] GET https://firebase.googleapis.com/v1beta1/projects/rmit-scheduler 200
[debug] [2024-02-18T08:24:58.976Z] <<< [apiv2][body] GET https://firebase.googleapis.com/v1beta1/projects/rmit-scheduler {"projectId":"rmit-scheduler","projectNumber":"536021814788","displayName":"rmit-scheduler","name":"projects/rmit-scheduler","resources":{"hostingSite":"rmit-scheduler","storageBucket":"rmit-scheduler.appspot.com","locationId":"australia-southeast1"},"state":"ACTIVE","etag":"1_5008c84a-8e3e-4c45-8627-8b2435eca486"}
[info] 
[info] === Deploying to 'rmit-scheduler'...
[info] 
[info] i  deploying firestore, functions, hosting 
[info] Running command: npm --prefix "$RESOURCE_DIR" run build
[info] +  functions: Finished running predeploy script. 
[info] i  firestore: reading indexes from firestore.indexes.json... 
[info] i  cloud.firestore: checking firestore.rules for compilation errors... 
[debug] [2024-02-18T08:25:18.351Z] >>> [apiv2][query] POST https://firebaserules.googleapis.com/v1/projects/rmit-scheduler:test [none]
[debug] [2024-02-18T08:25:18.352Z] >>> [apiv2][body] POST https://firebaserules.googleapis.com/v1/projects/rmit-scheduler:test [omitted]
[debug] [2024-02-18T08:25:19.530Z] <<< [apiv2][status] POST https://firebaserules.googleapis.com/v1/projects/rmit-scheduler:test 200
[debug] [2024-02-18T08:25:19.530Z] <<< [apiv2][body] POST https://firebaserules.googleapis.com/v1/projects/rmit-scheduler:test {}
[info] +  cloud.firestore: rules file firestore.rules compiled successfully 
[debug] [2024-02-18T08:25:19.533Z] >>> [apiv2][query] GET https://firebase.googleapis.com/v1beta1/projects/rmit-scheduler [none]
[debug] [2024-02-18T08:25:19.959Z] <<< [apiv2][status] GET https://firebase.googleapis.com/v1beta1/projects/rmit-scheduler 200
[debug] [2024-02-18T08:25:19.960Z] <<< [apiv2][body] GET https://firebase.googleapis.com/v1beta1/projects/rmit-scheduler {"projectId":"rmit-scheduler","projectNumber":"536021814788","displayName":"rmit-scheduler","name":"projects/rmit-scheduler","resources":{"hostingSite":"rmit-scheduler","storageBucket":"rmit-scheduler.appspot.com","locationId":"australia-southeast1"},"state":"ACTIVE","etag":"1_5008c84a-8e3e-4c45-8627-8b2435eca486"}
[info] i  functions: preparing codebase default for deployment 
[info] i  functions: ensuring required API cloudfunctions.googleapis.com is enabled... 
[info] i  functions: ensuring required API cloudbuild.googleapis.com is enabled... 
[info] i  artifactregistry: ensuring required API artifactregistry.googleapis.com is enabled... 
[debug] [2024-02-18T08:25:19.966Z] >>> [apiv2][query] GET https://serviceusage.googleapis.com/v1/projects/rmit-scheduler/services/cloudfunctions.googleapis.com [none]
[debug] [2024-02-18T08:25:19.967Z] >>> [apiv2][(partial)header] GET https://serviceusage.googleapis.com/v1/projects/rmit-scheduler/services/cloudfunctions.googleapis.com x-goog-quota-user=projects/rmit-scheduler
[debug] [2024-02-18T08:25:19.970Z] >>> [apiv2][query] GET https://serviceusage.googleapis.com/v1/projects/rmit-scheduler/services/runtimeconfig.googleapis.com [none]
[debug] [2024-02-18T08:25:19.970Z] >>> [apiv2][(partial)header] GET https://serviceusage.googleapis.com/v1/projects/rmit-scheduler/services/runtimeconfig.googleapis.com x-goog-quota-user=projects/rmit-scheduler
[debug] [2024-02-18T08:25:19.973Z] >>> [apiv2][query] GET https://serviceusage.googleapis.com/v1/projects/rmit-scheduler/services/cloudbuild.googleapis.com [none]
[debug] [2024-02-18T08:25:19.973Z] >>> [apiv2][(partial)header] GET https://serviceusage.googleapis.com/v1/projects/rmit-scheduler/services/cloudbuild.googleapis.com x-goog-quota-user=projects/rmit-scheduler
[debug] [2024-02-18T08:25:19.977Z] >>> [apiv2][query] GET https://serviceusage.googleapis.com/v1/projects/rmit-scheduler/services/artifactregistry.googleapis.com [none]
[debug] [2024-02-18T08:25:19.977Z] >>> [apiv2][(partial)header] GET https://serviceusage.googleapis.com/v1/projects/rmit-scheduler/services/artifactregistry.googleapis.com x-goog-quota-user=projects/rmit-scheduler
[debug] [2024-02-18T08:25:21.665Z] <<< [apiv2][status] GET https://serviceusage.googleapis.com/v1/projects/rmit-scheduler/services/cloudfunctions.googleapis.com 200
[debug] [2024-02-18T08:25:21.665Z] <<< [apiv2][body] GET https://serviceusage.googleapis.com/v1/projects/rmit-scheduler/services/cloudfunctions.googleapis.com [omitted]
[info] +  functions: required API cloudfunctions.googleapis.com is enabled 
[debug] [2024-02-18T08:25:21.668Z] <<< [apiv2][status] GET https://serviceusage.googleapis.com/v1/projects/rmit-scheduler/services/cloudbuild.googleapis.com 200
[debug] [2024-02-18T08:25:21.669Z] <<< [apiv2][body] GET https://serviceusage.googleapis.com/v1/projects/rmit-scheduler/services/cloudbuild.googleapis.com [omitted]
[info] +  functions: required API cloudbuild.googleapis.com is enabled 
[debug] [2024-02-18T08:25:21.685Z] <<< [apiv2][status] GET https://serviceusage.googleapis.com/v1/projects/rmit-scheduler/services/artifactregistry.googleapis.com 200
[debug] [2024-02-18T08:25:21.685Z] <<< [apiv2][body] GET https://serviceusage.googleapis.com/v1/projects/rmit-scheduler/services/artifactregistry.googleapis.com [omitted]
[info] +  artifactregistry: required API artifactregistry.googleapis.com is enabled 
[debug] [2024-02-18T08:25:21.700Z] <<< [apiv2][status] GET https://serviceusage.googleapis.com/v1/projects/rmit-scheduler/services/runtimeconfig.googleapis.com 200
[debug] [2024-02-18T08:25:21.700Z] <<< [apiv2][body] GET https://serviceusage.googleapis.com/v1/projects/rmit-scheduler/services/runtimeconfig.googleapis.com [omitted]
[debug] [2024-02-18T08:25:21.701Z] >>> [apiv2][query] GET https://firebase.googleapis.com/v1beta1/projects/rmit-scheduler/adminSdkConfig [none]
[debug] [2024-02-18T08:25:23.265Z] <<< [apiv2][status] GET https://firebase.googleapis.com/v1beta1/projects/rmit-scheduler/adminSdkConfig 200
[debug] [2024-02-18T08:25:23.266Z] <<< [apiv2][body] GET https://firebase.googleapis.com/v1beta1/projects/rmit-scheduler/adminSdkConfig {"projectId":"rmit-scheduler","storageBucket":"rmit-scheduler.appspot.com","locationId":"australia-southeast1"}
[debug] [2024-02-18T08:25:23.267Z] >>> [apiv2][query] GET https://runtimeconfig.googleapis.com/v1beta1/projects/rmit-scheduler/configs [none]
[debug] [2024-02-18T08:25:23.831Z] <<< [apiv2][status] GET https://runtimeconfig.googleapis.com/v1beta1/projects/rmit-scheduler/configs 200
[debug] [2024-02-18T08:25:23.831Z] <<< [apiv2][body] GET https://runtimeconfig.googleapis.com/v1beta1/projects/rmit-scheduler/configs {}
[debug] [2024-02-18T08:25:23.837Z] Validating nodejs source
[debug] [2024-02-18T08:25:26.533Z] > [functions] package.json contents: {
  "name": "functions",
  "scripts": {
    "build": "tsc",
    "build:watch": "tsc --watch",
    "serve": "npm run build && firebase emulators:start --only functions",
    "shell": "npm run build && firebase functions:shell",
    "start": "npm run shell",
    "deploy": "firebase deploy --only functions",
    "logs": "firebase functions:log"
  },
  "engines": {
    "node": "18"
  },
  "main": "lib/index.js",
  "dependencies": {
    "firebase-admin": "^11.8.0",
    "firebase-functions": "^4.3.1"
  },
  "devDependencies": {
    "typescript": "^4.9.0",
    "firebase-functions-test": "^3.1.0"
  },
  "private": true
}
[debug] [2024-02-18T08:25:26.534Z] Building nodejs source
[info] i  functions: Loading and analyzing source code for codebase default to determine what to deploy 
[debug] [2024-02-18T08:25:26.537Z] Could not find functions.yaml. Must use http discovery
[debug] [2024-02-18T08:25:26.605Z] Found firebase-functions binary at 'C:\Users\Microsoft\documents\dev\course\functions\node_modules\.bin\firebase-functions'
[error] node:internal/modules/cjs/loader:1051
  throw err;
  ^

Error: Cannot find module 'es-errors'
Require stack:
- C:\Users\Microsoft\Documents\dev\course\functions\node_modules\get-intrinsic\index.js
- C:\Users\Microsoft\Documents\dev\course\functions\node_modules\side-channel\index.js
- C:\Users\Microsoft\Documents\dev\course\functions\node_modules\qs\lib\stringify.js
- C:\Users\Microsoft\Documents\dev\course\functions\node_modules\qs\lib\index.js
- C:\Users\Microsoft\Documents\dev\course\functions\node_modules\express\lib\middleware\query.js
- C:\Users\Microsoft\Documents\dev\course\functions\node_modules\express\lib\application.js
- C:\Users\Microsoft\Documents\dev\course\functions\node_modules\express\lib\express.js
- C:\Users\Microsoft\Documents\dev\course\functions\node_modules\express\index.js
- C:\Users\Microsoft\Documents\dev\course\functions\node_modules\firebase-functions\lib\bin\firebase-functions.js
    at Module._resolveFilename (node:internal/modules/cjs/loader:1048:15)
    at Module._load (node:internal/modules/cjs/loader:901:27)
    at Module.require (node:internal/modules/cjs/loader:1115:19)
    at require (node:internal/modules/helpers:130:18)
    at Object.<anonymous> (C:\Users\Microsoft\Documents\dev\course\functions\node_modules\get-intrinsic\index.js:5:14)
    at Module._compile (node:internal/modules/cjs/loader:1241:14)
    at Module._extensions..js (node:internal/modules/cjs/loader:1295:10)
    at Module.load (node:internal/modules/cjs/loader:1091:32)
    at Module._load (node:internal/modules/cjs/loader:938:12)
    at Module.require (node:internal/modules/cjs/loader:1115:19) {
  code: 'MODULE_NOT_FOUND',
  requireStack: [
    'C:\\Users\\Microsoft\\Documents\\dev\\course\\functions\\node_modules\\get-intrinsic\\index.js',
    'C:\\Users\\Microsoft\\Documents\\dev\\course\\functions\\node_modules\\side-channel\\index.js',
    'C:\\Users\\Microsoft\\Documents\\dev\\course\\functions\\node_modules\\qs\\lib\\stringify.js',
    'C:\\Users\\Microsoft\\Documents\\dev\\course\\functions\\node_modules\\qs\\lib\\index.js',
    'C:\\Users\\Microsoft\\Documents\\dev\\course\\functions\\node_modules\\express\\lib\\middleware\\query.js',
    'C:\\Users\\Microsoft\\Documents\\dev\\course\\functions\\node_modules\\express\\lib\\application.js',
    'C:\\Users\\Microsoft\\Documents\\dev\\course\\functions\\node_modules\\express\\lib\\express.js',
    'C:\\Users\\Microsoft\\Documents\\dev\\course\\functions\\node_modules\\express\\index.js',
    'C:\\Users\\Microsoft\\Documents\\dev\\course\\functions\\node_modules\\firebase-functions\\lib\\bin\\firebase-functions.js'
  ]
}

Node.js v20.9.0

[debug] [2024-02-18T08:25:36.689Z] Failed to call quitquitquit. This often means the server failed to start request to http://localhost:8681/__/quitquitquit failed, reason:  {"message":"request to http://localhost:8681/__/quitquitquit failed, reason: ","type":"system","errno":"ECONNREFUSED","code":"ECONNREFUSED"}
